<?xml version="1.0" encoding="UTF-8"?>
<testng-results ignored="0" total="4" passed="4" failed="0" skipped="0">
  <reporter-output>
  </reporter-output>
  <suite started-at="2024-06-16T23:29:10 IST" name="Default suite" finished-at="2024-06-16T23:30:09 IST" duration-ms="59325">
    <groups>
      <group name="cucumber">
        <method signature="AbstractTestNGCucumberTests.runScenario(io.cucumber.testng.PickleWrapper,io.cucumber.testng.FeatureWrapper)[pri:0, instance:testrun.testrun@672872e1]" name="runScenario" class="io.cucumber.testng.AbstractTestNGCucumberTests"/>
      </group> <!-- cucumber -->
    </groups>
    <test started-at="2024-06-16T23:29:10 IST" name="Default test" finished-at="2024-06-16T23:30:09 IST" duration-ms="59325">
      <class name="testrun.testrun">
        <test-method is-config="true" signature="setUpClass(org.testng.ITestContext)[pri:0, instance:testrun.testrun@672872e1]" started-at="2024-06-16T23:29:10 IST" name="setUpClass" finished-at="2024-06-16T23:29:10 IST" duration-ms="291" status="PASS">
          <params>
            <param index="0">
              <value>
                <![CDATA[org.testng.TestRunner@422ad5e2]]>
              </value>
            </param>
          </params>
          <reporter-output>
          </reporter-output>
        </test-method> <!-- setUpClass -->
        <test-method signature="runScenario(io.cucumber.testng.PickleWrapper,io.cucumber.testng.FeatureWrapper)[pri:0, instance:testrun.testrun@672872e1]" started-at="2024-06-16T23:29:10 IST" name="runScenario" description="Runs Cucumber Scenarios" data-provider="scenarios" finished-at="2024-06-16T23:29:28 IST" duration-ms="18034" status="PASS">
          <params>
            <param index="0">
              <value>
                <![CDATA["User read data from excel sheet"]]>
              </value>
            </param>
            <param index="1">
              <value>
                <![CDATA["User login to sauce lab application"]]>
              </value>
            </param>
          </params>
          <reporter-output>
          </reporter-output>
        </test-method> <!-- runScenario -->
        <test-method signature="runScenario(io.cucumber.testng.PickleWrapper,io.cucumber.testng.FeatureWrapper)[pri:0, instance:testrun.testrun@672872e1]" started-at="2024-06-16T23:29:28 IST" name="runScenario" description="Runs Cucumber Scenarios" data-provider="scenarios" finished-at="2024-06-16T23:29:42 IST" duration-ms="13321" status="PASS">
          <params>
            <param index="0">
              <value>
                <![CDATA["User read data from excel sheet"]]>
              </value>
            </param>
            <param index="1">
              <value>
                <![CDATA["User login to sauce lab application"]]>
              </value>
            </param>
          </params>
          <reporter-output>
          </reporter-output>
        </test-method> <!-- runScenario -->
        <test-method signature="runScenario(io.cucumber.testng.PickleWrapper,io.cucumber.testng.FeatureWrapper)[pri:0, instance:testrun.testrun@672872e1]" started-at="2024-06-16T23:29:42 IST" name="runScenario" description="Runs Cucumber Scenarios" data-provider="scenarios" finished-at="2024-06-16T23:29:56 IST" duration-ms="14150" status="PASS">
          <params>
            <param index="0">
              <value>
                <![CDATA["User read data from excel sheet"]]>
              </value>
            </param>
            <param index="1">
              <value>
                <![CDATA["User login to sauce lab application"]]>
              </value>
            </param>
          </params>
          <reporter-output>
          </reporter-output>
        </test-method> <!-- runScenario -->
        <test-method signature="runScenario(io.cucumber.testng.PickleWrapper,io.cucumber.testng.FeatureWrapper)[pri:0, instance:testrun.testrun@672872e1]" started-at="2024-06-16T23:29:56 IST" name="runScenario" description="Runs Cucumber Scenarios" data-provider="scenarios" finished-at="2024-06-16T23:30:09 IST" duration-ms="13447" status="PASS">
          <params>
            <param index="0">
              <value>
                <![CDATA["User read data from excel sheet"]]>
              </value>
            </param>
            <param index="1">
              <value>
                <![CDATA["User login to sauce lab application"]]>
              </value>
            </param>
          </params>
          <reporter-output>
          </reporter-output>
        </test-method> <!-- runScenario -->
        <test-method is-config="true" signature="tearDownClass()[pri:0, instance:testrun.testrun@672872e1]" started-at="2024-06-16T23:30:09 IST" name="tearDownClass" finished-at="2024-06-16T23:30:09 IST" duration-ms="16" status="PASS">
          <reporter-output>
          </reporter-output>
        </test-method> <!-- tearDownClass -->
      </class> <!-- testrun.testrun -->
    </test> <!-- Default test -->
  </suite> <!-- Default suite -->
</testng-results>
